[debug] [2018-02-11T16:31:23.343Z] ----------------------------------------------------------------------
[debug] [2018-02-11T16:31:23.346Z] Command:       /usr/local/bin/node /usr/local/bin/firebase deploy
[debug] [2018-02-11T16:31:23.347Z] CLI Version:   3.17.4
[debug] [2018-02-11T16:31:23.347Z] Platform:      darwin
[debug] [2018-02-11T16:31:23.347Z] Node Version:  v6.11.1
[debug] [2018-02-11T16:31:23.348Z] Time:          Mon Feb 12 2018 01:31:23 GMT+0900 (JST)
[debug] [2018-02-11T16:31:23.348Z] ----------------------------------------------------------------------
[debug] 
[debug] [2018-02-11T16:31:23.365Z] > command requires scopes: ["email","openid","https://www.googleapis.com/auth/cloudplatformprojects.readonly","https://www.googleapis.com/auth/firebase","https://www.googleapis.com/auth/cloud-platform"]
[debug] [2018-02-11T16:31:23.366Z] > authorizing via signed-in user
[debug] [2018-02-11T16:31:23.369Z] >>> HTTP REQUEST GET https://admin.firebase.com/v1/projects/tarostats  
  
 Mon Feb 12 2018 01:31:23 GMT+0900 (JST)
[debug] [2018-02-11T16:31:24.217Z] <<< HTTP RESPONSE 200
[debug] [2018-02-11T16:31:24.218Z] >>> HTTP REQUEST GET https://admin.firebase.com/v1/database/tarostats/tokens  
  
 Mon Feb 12 2018 01:31:24 GMT+0900 (JST)
[debug] [2018-02-11T16:31:24.923Z] <<< HTTP RESPONSE 200
[info] 
[info] === Deploying to 'tarostats'...
[info] 
[info] i  deploying hosting
[info] i  hosting: preparing build directory for upload...
[debug] [2018-02-11T16:31:26.088Z] >>> HTTP REQUEST PUT https://deploy.firebase.com/v1/hosting/tarostats/uploads/-L54hEb1DkSLjBgHbdgR?fileCount=12&message=  
  
 Mon Feb 12 2018 01:31:26 GMT+0900 (JST)
[debug] [2018-02-11T16:31:29.390Z] <<< HTTP RESPONSE 200
[debug] [2018-02-11T16:31:29.390Z] [hosting] .tgz uploaded successfully, waiting for extraction
